# JRE version: 7.0_11-b21
# Java VM: Java HotSpot(TM) 64-Bit Server VM (23.6-b04 mixed mode windows-amd64 compressed oops)
Heap
 PSYoungGen      total 28288K, used 16700K [0x00000000fa000000, 0x00000000fd530000, 0x0000000100000000)
  eden space 20800K, 44% used [0x00000000fa000000,0x00000000fa8ff7f0,0x00000000fb450000)
  from space 7488K, 99% used [0x00000000fb450000,0x00000000fbb9f918,0x00000000fbba0000)
  to   space 16640K, 0% used [0x00000000fc4f0000,0x00000000fc4f0000,0x00000000fd530000)
 ParOldGen       total 85632K, used 69067K [0x00000000e8000000, 0x00000000ed3a0000, 0x00000000fa000000)
  object space 85632K, 80% used [0x00000000e8000000,0x00000000ec372c38,0x00000000ed3a0000)
 PSPermGen       total 90816K, used 58830K [0x00000000e0000000, 0x00000000e58b0000, 0x00000000e8000000)
  object space 90816K, 64% used [0x00000000e0000000,0x00000000e3973ab8,0x00000000e58b0000)
GC Heap History (10 events):
Event: 4559.301 GC heap before
{Heap before GC invocations=141 (full 2):
 PSYoungGen      total 40256K, used 20801K [0x00000000fa000000, 0x00000000fdb90000, 0x0000000100000000)
  eden space 20032K, 87% used [0x00000000fa000000,0x00000000fb118eb0,0x00000000fb390000)
  from space 20224K, 16% used [0x00000000fc7d0000,0x00000000fcb07798,0x00000000fdb90000)
  to   space 20480K, 0% used [0x00000000fb390000,0x00000000fb390000,0x00000000fc790000)
 ParOldGen       total 85632K, used 68971K [0x00000000e8000000, 0x00000000ed3a0000, 0x00000000fa000000)
  object space 85632K, 80% used [0x00000000e8000000,0x00000000ec35ac38,0x00000000ed3a0000)
 PSPermGen       total 90816K, used 58602K [0x00000000e0000000, 0x00000000e58b0000, 0x00000000e8000000)
  object space 90816K, 64% used [0x00000000e0000000,0x00000000e393ab70,0x00000000e58b0000)
Event: 4559.306 GC heap after
Heap after GC invocations=141 (full 2):
 PSYoungGen      total 40512K, used 1624K [0x00000000fa000000, 0x00000000fdc00000, 0x0000000100000000)
  eden space 20032K, 0% used [0x00000000fa000000,0x00000000fa000000,0x00000000fb390000)
  from space 20480K, 7% used [0x00000000fb390000,0x00000000fb526178,0x00000000fc790000)
  to   space 20544K, 0% used [0x00000000fc7f0000,0x00000000fc7f0000,0x00000000fdc00000)
 ParOldGen       total 85632K, used 69003K [0x00000000e8000000, 0x00000000ed3a0000, 0x00000000fa000000)
  object space 85632K, 80% used [0x00000000e8000000,0x00000000ec362c38,0x00000000ed3a0000)
 PSPermGen       total 90816K, used 58602K [0x00000000e0000000, 0x00000000e58b0000, 0x00000000e8000000)
  object space 90816K, 64% used [0x00000000e0000000,0x00000000e393ab70,0x00000000e58b0000)
}
Event: 4565.463 GC heap before
{Heap before GC invocations=142 (full 2):
 PSYoungGen      total 40512K, used 21656K [0x00000000fa000000, 0x00000000fdc00000, 0x0000000100000000)
  eden space 20032K, 100% used [0x00000000fa000000,0x00000000fb390000,0x00000000fb390000)
  from space 20480K, 7% used [0x00000000fb390000,0x00000000fb526178,0x00000000fc790000)
  to   space 20544K, 0% used [0x00000000fc7f0000,0x00000000fc7f0000,0x00000000fdc00000)
 ParOldGen       total 85632K, used 69003K [0x00000000e8000000, 0x00000000ed3a0000, 0x00000000fa000000)
  object space 85632K, 80% used [0x00000000e8000000,0x00000000ec362c38,0x00000000ed3a0000)
 PSPermGen       total 90816K, used 58791K [0x00000000e0000000, 0x00000000e58b0000, 0x00000000e8000000)
  object space 90816K, 64% used [0x00000000e0000000,0x00000000e3969df0,0x00000000e58b0000)
Event: 4565.466 GC heap after
Heap after GC invocations=142 (full 2):
 PSYoungGen      total 38464K, used 7973K [0x00000000fa000000, 0x00000000fd9a0000, 0x0000000100000000)
  eden space 20352K, 0% used [0x00000000fa000000,0x00000000fa000000,0x00000000fb3e0000)
  from space 18112K, 44% used [0x00000000fc7f0000,0x00000000fcfb9560,0x00000000fd9a0000)
  to   space 19328K, 0% used [0x00000000fb3e0000,0x00000000fb3e0000,0x00000000fc6c0000)
 ParOldGen       total 85632K, used 69019K [0x00000000e8000000, 0x00000000ed3a0000, 0x00000000fa000000)
  object space 85632K, 80% used [0x00000000e8000000,0x00000000ec366c38,0x00000000ed3a0000)
 PSPermGen       total 90816K, used 58791K [0x00000000e0000000, 0x00000000e58b0000, 0x00000000e8000000)
  object space 90816K, 64% used [0x00000000e0000000,0x00000000e3969df0,0x00000000e58b0000)
}
Event: 4567.648 GC heap before
{Heap before GC invocations=143 (full 2):
 PSYoungGen      total 38464K, used 28325K [0x00000000fa000000, 0x00000000fd9a0000, 0x0000000100000000)
  eden space 20352K, 100% used [0x00000000fa000000,0x00000000fb3e0000,0x00000000fb3e0000)
  from space 18112K, 44% used [0x00000000fc7f0000,0x00000000fcfb9560,0x00000000fd9a0000)
  to   space 19328K, 0% used [0x00000000fb3e0000,0x00000000fb3e0000,0x00000000fc6c0000)
 ParOldGen       total 85632K, used 69019K [0x00000000e8000000, 0x00000000ed3a0000, 0x00000000fa000000)
  object space 85632K, 80% used [0x00000000e8000000,0x00000000ec366c38,0x00000000ed3a0000)
 PSPermGen       total 90816K, used 58794K [0x00000000e0000000, 0x00000000e58b0000, 0x00000000e8000000)
  object space 90816K, 64% used [0x00000000e0000000,0x00000000e396a808,0x00000000e58b0000)
Event: 4567.654 GC heap after
Heap after GC invocations=143 (full 2):
 PSYoungGen      total 28800K, used 8389K [0x00000000fa000000, 0x00000000fd810000, 0x0000000100000000)
  eden space 20352K, 0% used [0x00000000fa000000,0x00000000fa000000,0x00000000fb3e0000)
  from space 8448K, 99% used [0x00000000fb3e0000,0x00000000fbc11560,0x00000000fbc20000)
  to   space 18304K, 0% used [0x00000000fc630000,0x00000000fc630000,0x00000000fd810000)
 ParOldGen       total 85632K, used 69027K [0x00000000e8000000, 0x00000000ed3a0000, 0x00000000fa000000)
  object space 85632K, 80% used [0x00000000e8000000,0x00000000ec368c38,0x00000000ed3a0000)
 PSPermGen       total 90816K, used 58794K [0x00000000e0000000, 0x00000000e58b0000, 0x00000000e8000000)
  object space 90816K, 64% used [0x00000000e0000000,0x00000000e396a808,0x00000000e58b0000)
}
Event: 4574.872 GC heap before
{Heap before GC invocations=144 (full 2):
 PSYoungGen      total 28800K, used 28741K [0x00000000fa000000, 0x00000000fd810000, 0x0000000100000000)
  eden space 20352K, 100% used [0x00000000fa000000,0x00000000fb3e0000,0x00000000fb3e0000)
  from space 8448K, 99% used [0x00000000fb3e0000,0x00000000fbc11560,0x00000000fbc20000)
  to   space 18304K, 0% used [0x00000000fc630000,0x00000000fc630000,0x00000000fd810000)
 ParOldGen       total 85632K, used 69027K [0x00000000e8000000, 0x00000000ed3a0000, 0x00000000fa000000)
  object space 85632K, 80% used [0x00000000e8000000,0x00000000ec368c38,0x00000000ed3a0000)
 PSPermGen       total 90816K, used 58795K [0x00000000e0000000, 0x00000000e58b0000, 0x00000000e8000000)
  object space 90816K, 64% used [0x00000000e0000000,0x00000000e396acc8,0x00000000e58b0000)
Event: 4574.879 GC heap after
Heap after GC invocations=144 (full 2):
 PSYoungGen      total 37440K, used 8562K [0x00000000fa000000, 0x00000000fd670000, 0x0000000100000000)
  eden space 20800K, 0% used [0x00000000fa000000,0x00000000fa000000,0x00000000fb450000)
  from space 16640K, 51% used [0x00000000fc630000,0x00000000fce8c958,0x00000000fd670000)
  to   space 17472K, 0% used [0x00000000fb450000,0x00000000fb450000,0x00000000fc560000)
 ParOldGen       total 85632K, used 69043K [0x00000000e8000000, 0x00000000ed3a0000, 0x00000000fa000000)
  object space 85632K, 80% used [0x00000000e8000000,0x00000000ec36cc38,0x00000000ed3a0000)
 PSPermGen       total 90816K, used 58795K [0x00000000e0000000, 0x00000000e58b0000, 0x00000000e8000000)
  object space 90816K, 64% used [0x00000000e0000000,0x00000000e396acc8,0x00000000e58b0000)
}
Event: 4584.105 GC heap before
{Heap before GC invocations=145 (full 2):
 PSYoungGen      total 37440K, used 29362K [0x00000000fa000000, 0x00000000fd670000, 0x0000000100000000)
  eden space 20800K, 100% used [0x00000000fa000000,0x00000000fb450000,0x00000000fb450000)
  from space 16640K, 51% used [0x00000000fc630000,0x00000000fce8c958,0x00000000fd670000)
  to   space 17472K, 0% used [0x00000000fb450000,0x00000000fb450000,0x00000000fc560000)
 ParOldGen       total 85632K, used 69043K [0x00000000e8000000, 0x00000000ed3a0000, 0x00000000fa000000)
  object space 85632K, 80% used [0x00000000e8000000,0x00000000ec36cc38,0x00000000ed3a0000)
 PSPermGen       total 90816K, used 58826K [0x00000000e0000000, 0x00000000e58b0000, 0x00000000e8000000)
  object space 90816K, 64% used [0x00000000e0000000,0x00000000e39728f8,0x00000000e58b0000)
Event: 4584.112 GC heap after
Heap after GC invocations=145 (full 2):
 PSYoungGen      total 28288K, used 7486K [0x00000000fa000000, 0x00000000fd530000, 0x0000000100000000)
  eden space 20800K, 0% used [0x00000000fa000000,0x00000000fa000000,0x00000000fb450000)
  from space 7488K, 99% used [0x00000000fb450000,0x00000000fbb9f918,0x00000000fbba0000)
  to   space 16640K, 0% used [0x00000000fc4f0000,0x00000000fc4f0000,0x00000000fd530000)
 ParOldGen       total 85632K, used 69067K [0x00000000e8000000, 0x00000000ed3a0000, 0x00000000fa000000)
  object space 85632K, 80% used [0x00000000e8000000,0x00000000ec372c38,0x00000000ed3a0000)
 PSPermGen       total 90816K, used 58826K [0x00000000e0000000, 0x00000000e58b0000, 0x00000000e8000000)
  object space 90816K, 64% used [0x00000000e0000000,0x00000000e39728f8,0x00000000e58b0000)
}

